<?xml version="1.0" encoding="UTF-8"?>
<testsuite name="LettersTests" tests="1" skipped="0" failures="0" errors="0" timestamp="2023-09-30T21:22:37" hostname="LAPTOP-S4V40DT9" time="0.003">
  <properties/>
  <testcase name="testSolution" classname="LettersTests" time="0.003"/>
  <system-out><![CDATA[]]></system-out>
  <system-err><![CDATA[]]></system-err>
</testsuite>
